Reading netlist file: "C:\Users\tianr\Documents\9k_uart_loopback\impl\gwsynthesis\9k_uart_loopback.vg"
Parsing netlist file "C:\Users\tianr\Documents\9k_uart_loopback\impl\gwsynthesis\9k_uart_loopback.vg" completed
Processing netlist completed
Reading constraint file: "C:\Users\tianr\Documents\9k_uart_loopback\src\uart_loopback.cst"
Physical Constraint parsed completed
Running placement......
[10%] Placement Phase 0 completed
[20%] Placement Phase 1 completed
[30%] Placement Phase 2 completed
[50%] Placement Phase 3 completed
Running routing......
[60%] Routing Phase 0 completed
[70%] Routing Phase 1 completed
[80%] Routing Phase 2 completed
[90%] Routing Phase 3 completed
Running timing analysis......
[95%] Timing analysis completed
Placement and routing completed
Bitstream generation in progress......
Bitstream generation completed
Running power analysis......
[100%] Power analysis completed
Generate file "C:\Users\tianr\Documents\9k_uart_loopback\impl\pnr\9k_uart_loopback.power.html" completed
Generate file "C:\Users\tianr\Documents\9k_uart_loopback\impl\pnr\9k_uart_loopback.pin.html" completed
Generate file "C:\Users\tianr\Documents\9k_uart_loopback\impl\pnr\9k_uart_loopback.rpt.html" completed
Generate file "C:\Users\tianr\Documents\9k_uart_loopback\impl\pnr\9k_uart_loopback.rpt.txt" completed
Generate file "C:\Users\tianr\Documents\9k_uart_loopback\impl\pnr\9k_uart_loopback.tr.html" completed
Thu Sep 05 20:54:41 2024

